# JRE version: OpenJDK Runtime Environment (8.0_76-b03) (build 1.8.0_76-release-b03)
# Java VM: OpenJDK 64-Bit Server VM (25.76-b03 mixed mode windows-amd64 compressed oops)
Heap:
 PSYoungGen      total 349696K, used 114183K [0x00000000e0000000, 0x0000000100000000, 0x0000000100000000)
  eden space 175104K, 49% used [0x00000000e0000000,0x00000000e54849c8,0x00000000eab00000)
  from space 174592K, 15% used [0x00000000f5580000,0x00000000f707d620,0x0000000100000000)
  to   space 174592K, 0% used [0x00000000eab00000,0x00000000eab00000,0x00000000f5580000)
 ParOldGen       total 611328K, used 375444K [0x00000000a0000000, 0x00000000c5500000, 0x00000000e0000000)
  object space 611328K, 61% used [0x00000000a0000000,0x00000000b6ea52f0,0x00000000c5500000)
 Metaspace       used 89876K, capacity 93124K, committed 93568K, reserved 1130496K
  class space    used 10954K, capacity 11598K, committed 11648K, reserved 1048576K
GC Heap History (10 events):
Event: 2094.809 GC heap before
{Heap before GC invocations=49 (full 10):
 PSYoungGen      total 347648K, used 257533K [0x00000000e0000000, 0x00000000ff600000, 0x0000000100000000)
  eden space 179712K, 100% used [0x00000000e0000000,0x00000000eaf80000,0x00000000eaf80000)
  from space 167936K, 46% used [0x00000000f4f00000,0x00000000f9aff738,0x00000000ff300000)
  to   space 163328K, 0% used [0x00000000eaf80000,0x00000000eaf80000,0x00000000f4f00000)
 ParOldGen       total 620544K, used 418763K [0x00000000a0000000, 0x00000000c5e00000, 0x00000000e0000000)
  object space 620544K, 67% used [0x00000000a0000000,0x00000000b98f2d50,0x00000000c5e00000)
 Metaspace       used 89125K, capacity 92388K, committed 93056K, reserved 1130496K
  class space    used 10911K, capacity 11566K, committed 11648K, reserved 1048576K
Event: 2094.893 GC heap after
Heap after GC invocations=49 (full 10):
 PSYoungGen      total 343040K, used 150609K [0x00000000e0000000, 0x0000000100000000, 0x0000000100000000)
  eden space 179712K, 0% used [0x00000000e0000000,0x00000000e0000000,0x00000000eaf80000)
  from space 163328K, 92% used [0x00000000eaf80000,0x00000000f4294528,0x00000000f4f00000)
  to   space 174592K, 0% used [0x00000000f5580000,0x00000000f5580000,0x0000000100000000)
 ParOldGen       total 620544K, used 418763K [0x00000000a0000000, 0x00000000c5e00000, 0x00000000e0000000)
  object space 620544K, 67% used [0x00000000a0000000,0x00000000b98f2d50,0x00000000c5e00000)
 Metaspace       used 89125K, capacity 92388K, committed 93056K, reserved 1130496K
  class space    used 10911K, capacity 11566K, committed 11648K, reserved 1048576K
}
Event: 2095.158 GC heap before
{Heap before GC invocations=50 (full 10):
 PSYoungGen      total 343040K, used 330321K [0x00000000e0000000, 0x0000000100000000, 0x0000000100000000)
  eden space 179712K, 100% used [0x00000000e0000000,0x00000000eaf80000,0x00000000eaf80000)
  from space 163328K, 92% used [0x00000000eaf80000,0x00000000f4294528,0x00000000f4f00000)
  to   space 174592K, 0% used [0x00000000f5580000,0x00000000f5580000,0x0000000100000000)
 ParOldGen       total 620544K, used 418763K [0x00000000a0000000, 0x00000000c5e00000, 0x00000000e0000000)
  object space 620544K, 67% used [0x00000000a0000000,0x00000000b98f2d50,0x00000000c5e00000)
 Metaspace       used 89132K, capacity 92388K, committed 93056K, reserved 1130496K
  class space    used 10911K, capacity 11566K, committed 11648K, reserved 1048576K
Event: 2095.258 GC heap after
Heap after GC invocations=50 (full 10):
 PSYoungGen      total 349696K, used 96104K [0x00000000e0000000, 0x0000000100000000, 0x0000000100000000)
  eden space 175104K, 0% used [0x00000000e0000000,0x00000000e0000000,0x00000000eab00000)
  from space 174592K, 55% used [0x00000000f5580000,0x00000000fb35a200,0x0000000100000000)
  to   space 174592K, 0% used [0x00000000eab00000,0x00000000eab00000,0x00000000f5580000)
 ParOldGen       total 620544K, used 496376K [0x00000000a0000000, 0x00000000c5e00000, 0x00000000e0000000)
  object space 620544K, 79% used [0x00000000a0000000,0x00000000be4be0e0,0x00000000c5e00000)
 Metaspace       used 89132K, capacity 92388K, committed 93056K, reserved 1130496K
  class space    used 10911K, capacity 11566K, committed 11648K, reserved 1048576K
}
Event: 2095.440 GC heap before
{Heap before GC invocations=51 (full 10):
 PSYoungGen      total 349696K, used 271208K [0x00000000e0000000, 0x0000000100000000, 0x0000000100000000)
  eden space 175104K, 100% used [0x00000000e0000000,0x00000000eab00000,0x00000000eab00000)
  from space 174592K, 55% used [0x00000000f5580000,0x00000000fb35a200,0x0000000100000000)
  to   space 174592K, 0% used [0x00000000eab00000,0x00000000eab00000,0x00000000f5580000)
 ParOldGen       total 620544K, used 496376K [0x00000000a0000000, 0x00000000c5e00000, 0x00000000e0000000)
  object space 620544K, 79% used [0x00000000a0000000,0x00000000be4be0e0,0x00000000c5e00000)
 Metaspace       used 89133K, capacity 92388K, committed 93056K, reserved 1130496K
  class space    used 10911K, capacity 11566K, committed 11648K, reserved 1048576K
Event: 2095.514 GC heap after
Heap after GC invocations=51 (full 10):
 PSYoungGen      total 349696K, used 32478K [0x00000000e0000000, 0x0000000100000000, 0x0000000100000000)
  eden space 175104K, 0% used [0x00000000e0000000,0x00000000e0000000,0x00000000eab00000)
  from space 174592K, 18% used [0x00000000eab00000,0x00000000ecab7bc0,0x00000000f5580000)
  to   space 174592K, 0% used [0x00000000f5580000,0x00000000f5580000,0x0000000100000000)
 ParOldGen       total 620544K, used 590656K [0x00000000a0000000, 0x00000000c5e00000, 0x00000000e0000000)
  object space 620544K, 95% used [0x00000000a0000000,0x00000000c40d0348,0x00000000c5e00000)
 Metaspace       used 89133K, capacity 92388K, committed 93056K, reserved 1130496K
  class space    used 10911K, capacity 11566K, committed 11648K, reserved 1048576K
}
Event: 2095.514 GC heap before
{Heap before GC invocations=52 (full 11):
 PSYoungGen      total 349696K, used 32478K [0x00000000e0000000, 0x0000000100000000, 0x0000000100000000)
  eden space 175104K, 0% used [0x00000000e0000000,0x00000000e0000000,0x00000000eab00000)
  from space 174592K, 18% used [0x00000000eab00000,0x00000000ecab7bc0,0x00000000f5580000)
  to   space 174592K, 0% used [0x00000000f5580000,0x00000000f5580000,0x0000000100000000)
 ParOldGen       total 620544K, used 590656K [0x00000000a0000000, 0x00000000c5e00000, 0x00000000e0000000)
  object space 620544K, 95% used [0x00000000a0000000,0x00000000c40d0348,0x00000000c5e00000)
 Metaspace       used 89133K, capacity 92388K, committed 93056K, reserved 1130496K
  class space    used 10911K, capacity 11566K, committed 11648K, reserved 1048576K
Event: 2096.372 GC heap after
Heap after GC invocations=52 (full 11):
 PSYoungGen      total 349696K, used 0K [0x00000000e0000000, 0x0000000100000000, 0x0000000100000000)
  eden space 175104K, 0% used [0x00000000e0000000,0x00000000e0000000,0x00000000eab00000)
  from space 174592K, 0% used [0x00000000eab00000,0x00000000eab00000,0x00000000f5580000)
  to   space 174592K, 0% used [0x00000000f5580000,0x00000000f5580000,0x0000000100000000)
 ParOldGen       total 611328K, used 375444K [0x00000000a0000000, 0x00000000c5500000, 0x00000000e0000000)
  object space 611328K, 61% used [0x00000000a0000000,0x00000000b6ea52f0,0x00000000c5500000)
 Metaspace       used 89133K, capacity 92388K, committed 93056K, reserved 1130496K
  class space    used 10911K, capacity 11566K, committed 11648K, reserved 1048576K
}
Event: 2097.323 GC heap before
{Heap before GC invocations=53 (full 11):
 PSYoungGen      total 349696K, used 175104K [0x00000000e0000000, 0x0000000100000000, 0x0000000100000000)
  eden space 175104K, 100% used [0x00000000e0000000,0x00000000eab00000,0x00000000eab00000)
  from space 174592K, 0% used [0x00000000eab00000,0x00000000eab00000,0x00000000f5580000)
  to   space 174592K, 0% used [0x00000000f5580000,0x00000000f5580000,0x0000000100000000)
 ParOldGen       total 611328K, used 375444K [0x00000000a0000000, 0x00000000c5500000, 0x00000000e0000000)
  object space 611328K, 61% used [0x00000000a0000000,0x00000000b6ea52f0,0x00000000c5500000)
 Metaspace       used 89437K, capacity 92644K, committed 93312K, reserved 1130496K
  class space    used 10923K, capacity 11566K, committed 11648K, reserved 1048576K
Event: 2097.353 GC heap after
Heap after GC invocations=53 (full 11):
 PSYoungGen      total 349696K, used 27637K [0x00000000e0000000, 0x0000000100000000, 0x0000000100000000)
  eden space 175104K, 0% used [0x00000000e0000000,0x00000000e0000000,0x00000000eab00000)
  from space 174592K, 15% used [0x00000000f5580000,0x00000000f707d620,0x0000000100000000)
  to   space 174592K, 0% used [0x00000000eab00000,0x00000000eab00000,0x00000000f5580000)
 ParOldGen       total 611328K, used 375444K [0x00000000a0000000, 0x00000000c5500000, 0x00000000e0000000)
  object space 611328K, 61% used [0x00000000a0000000,0x00000000b6ea52f0,0x00000000c5500000)
 Metaspace       used 89437K, capacity 92644K, committed 93312K, reserved 1130496K
  class space    used 10923K, capacity 11566K, committed 11648K, reserved 1048576K
}

